0 info it worked if it ends with ok
1 verbose cli [ '/usr/local/Cellar/node/7.5.0/bin/node',
1 verbose cli   '/usr/local/bin/npm',
1 verbose cli   'publish' ]
2 info using npm@4.1.2
3 info using node@v7.5.0
4 verbose publish [ '.' ]
5 silly cache add args [ '.', null ]
6 verbose cache add spec .
7 silly cache add parsed spec Result {
7 silly cache add   raw: '.',
7 silly cache add   scope: null,
7 silly cache add   escapedName: null,
7 silly cache add   name: null,
7 silly cache add   rawSpec: '.',
7 silly cache add   spec: '/Users/oxynum/Documents/Work/Dev/minimag/minihub',
7 silly cache add   type: 'directory' }
8 verbose addLocalDirectory /Users/oxynum/.npm/minihub/1.4.0/package.tgz not in flight; packing
9 verbose correctMkdir /Users/oxynum/.npm correctMkdir not in flight; initializing
10 info lifecycle minihub@1.4.0~prepublish: minihub@1.4.0
11 silly lifecycle minihub@1.4.0~prepublish: no script for prepublish, continuing
12 info lifecycle minihub@1.4.0~prepare: minihub@1.4.0
13 silly lifecycle minihub@1.4.0~prepare: no script for prepare, continuing
14 verbose tar pack [ '/Users/oxynum/.npm/minihub/1.4.0/package.tgz',
14 verbose tar pack   '/Users/oxynum/Documents/Work/Dev/minimag/minihub' ]
15 verbose tarball /Users/oxynum/.npm/minihub/1.4.0/package.tgz
16 verbose folder /Users/oxynum/Documents/Work/Dev/minimag/minihub
17 verbose addLocalTarball adding from inside cache /Users/oxynum/.npm/minihub/1.4.0/package.tgz
18 verbose correctMkdir /Users/oxynum/.npm correctMkdir not in flight; initializing
19 silly cache afterAdd minihub@1.4.0
20 verbose afterAdd /Users/oxynum/.npm/minihub/1.4.0/package/package.json not in flight; writing
21 verbose correctMkdir /Users/oxynum/.npm correctMkdir not in flight; initializing
22 verbose afterAdd /Users/oxynum/.npm/minihub/1.4.0/package/package.json written
23 silly publish { name: 'minihub',
23 silly publish   version: '1.4.0',
23 silly publish   description: 'The hub for minimag solution.',
23 silly publish   main: 'minihub.js',
23 silly publish   scripts: { test: 'test' },
23 silly publish   keywords: [ 'minimag', 'oxynum', 'hub', 'connector', 'npm', 'api', 'routes' ],
23 silly publish   author: { name: 'Maxime Gasnier' },
23 silly publish   license: 'ISC',
23 silly publish   dependencies:
23 silly publish    { 'body-parser': '^1.17.1',
23 silly publish      escpos: '^2.4.0',
23 silly publish      express: '^4.15.2',
23 silly publish      lodash: '^4.17.4',
23 silly publish      moment: '^2.18.1' },
23 silly publish   repository:
23 silly publish    { type: 'git',
23 silly publish      url: 'git+https://github.com/oxynum/minihub.git' },
23 silly publish   readme: '# Minihub\n\nDeveloped by Oxynum team. Need to breath ? Go and check our website www.oxynum.fr\n\n## Presentation\nMinihub is the npm module that is used for Minimag.\nWe work in an API-plugins system.\n\n## Install minihub in project\n\nBe sure that, node is installed, npm is installed. Open your terminal, and paste this:\n\n```shell\nnpm install --save minihub\n````\n\nRun npm install on the project to install all dep.\n\n## Usage of the npm\n\nTo use the npm, you will use the class of express, and don\'t have anything else todo:\n \n```javascript\n    let app  = require(\'minihub\'),\n        port = 9000; // Or whatever you want\n\n    app.listen(port, () => {\n        console.log("App is running on port: "+ port);\n    });\n```\n\n\nOur Plugins:\n- \n',
23 silly publish   readmeFilename: 'README.md',
23 silly publish   gitHead: 'b1e414b02dbe985d9a02ba1a6ffd3b0f7876037a',
23 silly publish   bugs: { url: 'https://github.com/oxynum/minihub/issues' },
23 silly publish   homepage: 'https://github.com/oxynum/minihub#readme',
23 silly publish   _id: 'minihub@1.4.0',
23 silly publish   _shasum: '3730a4a8764564e43a4eb5281c65b4bbb61baa4f',
23 silly publish   _from: '.' }
24 info lifecycle minihub@1.4.0~prepublishOnly: minihub@1.4.0
25 silly lifecycle minihub@1.4.0~prepublishOnly: no script for prepublishOnly, continuing
26 verbose getPublishConfig undefined
27 silly mapToRegistry name minihub
28 silly mapToRegistry using default registry
29 silly mapToRegistry registry https://registry.npmjs.org/
30 silly mapToRegistry data Result {
30 silly mapToRegistry   raw: 'minihub',
30 silly mapToRegistry   scope: null,
30 silly mapToRegistry   escapedName: 'minihub',
30 silly mapToRegistry   name: 'minihub',
30 silly mapToRegistry   rawSpec: '',
30 silly mapToRegistry   spec: 'latest',
30 silly mapToRegistry   type: 'tag' }
31 silly mapToRegistry uri https://registry.npmjs.org/minihub
32 verbose publish registryBase https://registry.npmjs.org/
33 silly publish uploading /Users/oxynum/.npm/minihub/1.4.0/package.tgz
34 verbose request uri https://registry.npmjs.org/minihub
35 verbose request sending authorization for write operation
36 info attempt registry request try #1 at 15:21:08
37 verbose request using bearer token for auth
38 verbose request id c9859722f7de14e0
39 http request PUT https://registry.npmjs.org/minihub
40 http 403 https://registry.npmjs.org/minihub
41 verbose headers { 'content-type': 'application/json',
41 verbose headers   'cache-control': 'max-age=300',
41 verbose headers   'content-length': '95',
41 verbose headers   'accept-ranges': 'bytes',
41 verbose headers   date: 'Thu, 15 Jun 2017 13:21:09 GMT',
41 verbose headers   via: '1.1 varnish',
41 verbose headers   connection: 'keep-alive',
41 verbose headers   'x-served-by': 'cache-cdg8722-CDG',
41 verbose headers   'x-cache': 'MISS',
41 verbose headers   'x-cache-hits': '0',
41 verbose headers   'x-timer': 'S1497532869.531838,VS0,VE1092',
41 verbose headers   vary: 'Accept-Encoding' }
42 verbose request invalidating /Users/oxynum/.npm/registry.npmjs.org/minihub on PUT
43 error publish Failed PUT 403
44 verbose stack Error: "You cannot publish over the previously published version 1.4.0." : minihub
44 verbose stack     at makeError (/usr/local/lib/node_modules/npm/node_modules/npm-registry-client/lib/request.js:304:12)
44 verbose stack     at CachingRegistryClient.<anonymous> (/usr/local/lib/node_modules/npm/node_modules/npm-registry-client/lib/request.js:292:14)
44 verbose stack     at Request._callback (/usr/local/lib/node_modules/npm/node_modules/npm-registry-client/lib/request.js:212:14)
44 verbose stack     at Request.self.callback (/usr/local/lib/node_modules/npm/node_modules/request/request.js:186:22)
44 verbose stack     at emitTwo (events.js:106:13)
44 verbose stack     at Request.emit (events.js:192:7)
44 verbose stack     at Request.<anonymous> (/usr/local/lib/node_modules/npm/node_modules/request/request.js:1081:10)
44 verbose stack     at emitOne (events.js:96:13)
44 verbose stack     at Request.emit (events.js:189:7)
44 verbose stack     at IncomingMessage.<anonymous> (/usr/local/lib/node_modules/npm/node_modules/request/request.js:1001:12)
45 verbose statusCode 403
46 verbose pkgid minihub
47 verbose cwd /Users/oxynum/Documents/Work/Dev/minimag/minihub
48 error Darwin 16.6.0
49 error argv "/usr/local/Cellar/node/7.5.0/bin/node" "/usr/local/bin/npm" "publish"
50 error node v7.5.0
51 error npm  v4.1.2
52 error code E403
53 error "You cannot publish over the previously published version 1.4.0." : minihub
54 error If you need help, you may report this error at:
54 error     <https://github.com/npm/npm/issues>
55 verbose exit [ 1, true ]
